app/build/intermediates/manifest_merge_blame_file/debug/manifest-merger-blame-debug-report.txt
1<?xml version="1.0" encoding="utf-8"?>
2<manifest xmlns:android="http://schemas.android.com/apk/res/android"
3    package="mx.edu.utxj.ti.idgs.ddi_tarea09_200291"
4    android:versionCode="1"
5    android:versionName="1.0" >
6
7    <uses-sdk
8        android:minSdkVersion="30"
8-->src\main\AndroidManifest.xml
9        android:targetSdkVersion="33" />
9-->src\main\AndroidManifest.xml
10
11    <uses-feature android:name="android.hardware.type.watch" />
11-->src\main\AndroidManifest.xml:4:5-64
11-->src\main\AndroidManifest.xml:4:19-61
12
13    <uses-permission android:name="android.permission.WAKE_LOCK" />
13-->src\main\AndroidManifest.xml:6:5-68
13-->src\main\AndroidManifest.xml:6:22-65
14    <uses-permission android:name="com.google.android.gms.permission.ACTIVITY_RECOGNITION" />
14-->src\main\AndroidManifest.xml:7:5-94
14-->src\main\AndroidManifest.xml:7:22-91
15    <uses-permission android:name="android.permission.WAKE_LOCK" />
15-->src\main\AndroidManifest.xml:6:5-68
15-->src\main\AndroidManifest.xml:6:22-65
16    <uses-permission android:name="android.permission.ACCESS_FINE_LOCATION" />
16-->src\main\AndroidManifest.xml:9:5-79
16-->src\main\AndroidManifest.xml:9:22-76
17    <uses-permission android:name="android.permission.ACCESS_COARSE_LOCATION" />
17-->src\main\AndroidManifest.xml:10:5-81
17-->src\main\AndroidManifest.xml:10:22-78
18
19    <queries>
19-->[androidx.wear.tiles:tiles:1.1.0] AndroidManifest.xml:7:5-11:15
20        <intent>
20-->[androidx.wear.tiles:tiles:1.1.0] AndroidManifest.xml:8:9-10:18
21            <action android:name="androidx.wear.tiles.action.BIND_UPDATE_REQUESTER" />
21-->[androidx.wear.tiles:tiles:1.1.0] AndroidManifest.xml:9:13-87
21-->[androidx.wear.tiles:tiles:1.1.0] AndroidManifest.xml:9:21-84
22        </intent>
23    </queries>
24
25    <application
25-->src\main\AndroidManifest.xml:12:5-70:19
26        android:allowBackup="true"
26-->src\main\AndroidManifest.xml:13:9-35
27        android:appComponentFactory="androidx.core.app.CoreComponentFactory"
27-->[androidx.core:core:1.8.0] AndroidManifest.xml:24:18-86
28        android:debuggable="true"
29        android:extractNativeLibs="false"
30        android:icon="@drawable/gps"
30-->src\main\AndroidManifest.xml:14:9-37
31        android:label="@string/app_name"
31-->src\main\AndroidManifest.xml:15:9-41
32        android:supportsRtl="true"
32-->src\main\AndroidManifest.xml:16:9-35
33        android:testOnly="true"
34        android:theme="@android:style/Theme.DeviceDefault" >
34-->src\main\AndroidManifest.xml:17:9-59
35        <service
35-->src\main\AndroidManifest.xml:18:9-33:19
36            android:name="mx.edu.utxj.ti.idgs.ddi_tarea09_200291.complication.MainComplicationService"
36-->src\main\AndroidManifest.xml:19:13-65
37            android:exported="true"
37-->src\main\AndroidManifest.xml:20:13-36
38            android:label="@string/complication_label"
38-->src\main\AndroidManifest.xml:21:13-55
39            android:permission="com.google.android.wearable.permission.BIND_COMPLICATION_PROVIDER" >
39-->src\main\AndroidManifest.xml:22:13-99
40            <intent-filter>
40-->src\main\AndroidManifest.xml:23:13-25:29
41                <action android:name="android.support.wearable.complications.ACTION_COMPLICATION_UPDATE_REQUEST" />
41-->src\main\AndroidManifest.xml:24:17-116
41-->src\main\AndroidManifest.xml:24:25-113
42            </intent-filter>
43
44            <meta-data
44-->src\main\AndroidManifest.xml:27:13-29:46
45                android:name="android.support.wearable.complications.SUPPORTED_TYPES"
45-->src\main\AndroidManifest.xml:28:17-86
46                android:value="SHORT_TEXT" />
46-->src\main\AndroidManifest.xml:29:17-43
47            <meta-data
47-->src\main\AndroidManifest.xml:30:13-32:37
48                android:name="android.support.wearable.complications.UPDATE_PERIOD_SECONDS"
48-->src\main\AndroidManifest.xml:31:17-92
49                android:value="0" />
49-->src\main\AndroidManifest.xml:32:17-34
50        </service>
51        <service
51-->src\main\AndroidManifest.xml:34:9-46:19
52            android:name="mx.edu.utxj.ti.idgs.ddi_tarea09_200291.tile.MainTileService"
52-->src\main\AndroidManifest.xml:35:13-49
53            android:exported="true"
53-->src\main\AndroidManifest.xml:36:13-36
54            android:label="@string/tile_label"
54-->src\main\AndroidManifest.xml:37:13-47
55            android:permission="com.google.android.wearable.permission.BIND_TILE_PROVIDER" >
55-->src\main\AndroidManifest.xml:38:13-91
56            <intent-filter>
56-->src\main\AndroidManifest.xml:39:13-41:29
57                <action android:name="androidx.wear.tiles.action.BIND_TILE_PROVIDER" />
57-->src\main\AndroidManifest.xml:40:17-88
57-->src\main\AndroidManifest.xml:40:25-85
58            </intent-filter>
59
60            <meta-data
60-->src\main\AndroidManifest.xml:43:13-45:61
61                android:name="androidx.wear.tiles.PREVIEW"
61-->src\main\AndroidManifest.xml:44:17-59
62                android:resource="@drawable/tile_preview" />
62-->src\main\AndroidManifest.xml:45:17-58
63        </service>
64
65        <uses-library
65-->src\main\AndroidManifest.xml:48:9-50:39
66            android:name="com.google.android.wearable"
66-->src\main\AndroidManifest.xml:49:13-55
67            android:required="true" />
67-->src\main\AndroidManifest.xml:50:13-36
68        <!--
69               Set to true if your app is Standalone, that is, it does not require the handheld
70               app to run.
71        -->
72        <meta-data
72-->src\main\AndroidManifest.xml:55:9-57:36
73            android:name="com.google.android.wearable.standalone"
73-->src\main\AndroidManifest.xml:56:13-66
74            android:value="true" />
74-->src\main\AndroidManifest.xml:57:13-33
75
76        <activity
76-->src\main\AndroidManifest.xml:59:9-69:20
77            android:name="mx.edu.utxj.ti.idgs.ddi_tarea09_200291.presentation.MainActivity"
77-->src\main\AndroidManifest.xml:60:13-54
78            android:exported="true"
78-->src\main\AndroidManifest.xml:61:13-36
79            android:label="@string/app_name"
79-->src\main\AndroidManifest.xml:62:13-45
80            android:theme="@android:style/Theme.DeviceDefault" >
80-->src\main\AndroidManifest.xml:63:13-63
81            <intent-filter>
81-->src\main\AndroidManifest.xml:64:13-68:29
82                <action android:name="android.intent.action.MAIN" />
82-->src\main\AndroidManifest.xml:65:17-69
82-->src\main\AndroidManifest.xml:65:25-66
83
84                <category android:name="android.intent.category.LAUNCHER" />
84-->src\main\AndroidManifest.xml:67:17-77
84-->src\main\AndroidManifest.xml:67:27-74
85            </intent-filter>
86        </activity>
87        <activity
87-->[androidx.compose.ui:ui-tooling:1.3.0] AndroidManifest.xml:23:9-25:39
88            android:name="androidx.compose.ui.tooling.PreviewActivity"
88-->[androidx.compose.ui:ui-tooling:1.3.0] AndroidManifest.xml:24:13-71
89            android:exported="true" />
89-->[androidx.compose.ui:ui-tooling:1.3.0] AndroidManifest.xml:25:13-36
90        <activity
90-->[androidx.compose.ui:ui-test-manifest:1.3.0] AndroidManifest.xml:23:9-25:39
91            android:name="androidx.activity.ComponentActivity"
91-->[androidx.compose.ui:ui-test-manifest:1.3.0] AndroidManifest.xml:24:13-63
92            android:exported="true" />
92-->[androidx.compose.ui:ui-test-manifest:1.3.0] AndroidManifest.xml:25:13-36
93        <activity
93-->[com.google.android.gms:play-services-base:18.0.1] AndroidManifest.xml:20:9-22:45
94            android:name="com.google.android.gms.common.api.GoogleApiActivity"
94-->[com.google.android.gms:play-services-base:18.0.1] AndroidManifest.xml:20:19-85
95            android:exported="false"
95-->[com.google.android.gms:play-services-base:18.0.1] AndroidManifest.xml:22:19-43
96            android:theme="@android:style/Theme.Translucent.NoTitleBar" />
96-->[com.google.android.gms:play-services-base:18.0.1] AndroidManifest.xml:21:19-78
97
98        <meta-data
98-->[com.google.android.gms:play-services-basement:18.0.0] AndroidManifest.xml:21:9-23:69
99            android:name="com.google.android.gms.version"
99-->[com.google.android.gms:play-services-basement:18.0.0] AndroidManifest.xml:22:13-58
100            android:value="@integer/google_play_services_version" />
100-->[com.google.android.gms:play-services-basement:18.0.0] AndroidManifest.xml:23:13-66
101
102        <provider
102-->[androidx.profileinstaller:profileinstaller:1.2.0] AndroidManifest.xml:25:9-33:20
103            android:name="androidx.startup.InitializationProvider"
103-->[androidx.profileinstaller:profileinstaller:1.2.0] AndroidManifest.xml:26:13-67
104            android:authorities="mx.edu.utxj.ti.idgs.ddi_tarea09_200291.androidx-startup"
104-->[androidx.profileinstaller:profileinstaller:1.2.0] AndroidManifest.xml:27:13-68
105            android:exported="false" >
105-->[androidx.profileinstaller:profileinstaller:1.2.0] AndroidManifest.xml:28:13-37
106            <meta-data
106-->[androidx.profileinstaller:profileinstaller:1.2.0] AndroidManifest.xml:30:13-32:52
107                android:name="androidx.profileinstaller.ProfileInstallerInitializer"
107-->[androidx.profileinstaller:profileinstaller:1.2.0] AndroidManifest.xml:31:17-85
108                android:value="androidx.startup" />
108-->[androidx.profileinstaller:profileinstaller:1.2.0] AndroidManifest.xml:32:17-49
109        </provider>
110
111        <receiver
111-->[androidx.profileinstaller:profileinstaller:1.2.0] AndroidManifest.xml:35:9-47:20
112            android:name="androidx.profileinstaller.ProfileInstallReceiver"
112-->[androidx.profileinstaller:profileinstaller:1.2.0] AndroidManifest.xml:36:13-76
113            android:directBootAware="false"
113-->[androidx.profileinstaller:profileinstaller:1.2.0] AndroidManifest.xml:37:13-44
114            android:enabled="true"
114-->[androidx.profileinstaller:profileinstaller:1.2.0] AndroidManifest.xml:38:13-35
115            android:exported="true"
115-->[androidx.profileinstaller:profileinstaller:1.2.0] AndroidManifest.xml:39:13-36
116            android:permission="android.permission.DUMP" >
116-->[androidx.profileinstaller:profileinstaller:1.2.0] AndroidManifest.xml:40:13-57
117            <intent-filter>
117-->[androidx.profileinstaller:profileinstaller:1.2.0] AndroidManifest.xml:41:13-43:29
118                <action android:name="androidx.profileinstaller.action.INSTALL_PROFILE" />
118-->[androidx.profileinstaller:profileinstaller:1.2.0] AndroidManifest.xml:42:17-91
118-->[androidx.profileinstaller:profileinstaller:1.2.0] AndroidManifest.xml:42:25-88
119            </intent-filter>
120            <intent-filter>
120-->[androidx.profileinstaller:profileinstaller:1.2.0] AndroidManifest.xml:44:13-46:29
121                <action android:name="androidx.profileinstaller.action.SKIP_FILE" />
121-->[androidx.profileinstaller:profileinstaller:1.2.0] AndroidManifest.xml:45:17-85
121-->[androidx.profileinstaller:profileinstaller:1.2.0] AndroidManifest.xml:45:25-82
122            </intent-filter>
123        </receiver>
124    </application>
125
126</manifest>